<?xml version="1.0" encoding="UTF-8"?>
<!-- Generated by org.testng.reporters.JUnitReportReporter -->
<testsuite skipped="0" hostname="SACHINN" name="com.inetbanking.testCases.TC_AddCustomerTest_003" tests="1" failures="0" timestamp="13 Feb 2020 07:56:38 GMT" time="47.256" errors="0">
  <testcase name="addNewCustomer" time="47.256" classname="com.inetbanking.testCases.TC_AddCustomerTest_003"/>
</testsuite> <!-- com.inetbanking.testCases.TC_AddCustomerTest_003 -->
