<?xml version="1.0" encoding="UTF-8"?>
<!-- Generated by org.testng.reporters.JUnitReportReporter -->
<testsuite skipped="0" hostname="SACHINN" name="com.inetbanking.testCases.FivenanceLogin" tests="1" failures="0" timestamp="13 Feb 2020 11:28:52 GMT" time="33.215" errors="0">
  <testcase name="loginFinance" time="33.215" classname="com.inetbanking.testCases.FivenanceLogin"/>
</testsuite> <!-- com.inetbanking.testCases.FivenanceLogin -->
