<?xml version="1.0" encoding="UTF-8"?>
<!-- Generated by org.testng.reporters.JUnitReportReporter -->
<testsuite skipped="0" hostname="SACHINN" name="com.inetbanking.testCases.TC_LoginTest_001" tests="2" failures="0" timestamp="11 Feb 2020 11:40:38 GMT" time="12.404" errors="0">
  <testcase name="loginTest" time="8.999" classname="com.inetbanking.testCases.TC_LoginTest_001"/>
  <testcase name="loginTest" time="3.405" classname="com.inetbanking.testCases.TC_LoginTest_001"/>
</testsuite> <!-- com.inetbanking.testCases.TC_LoginTest_001 -->
