<?xml version="1.0" encoding="UTF-8"?>
<!-- Generated by org.testng.reporters.JUnitReportReporter -->
<testsuite skipped="0" hostname="SACHINN" name="com.inetbanking.testCases.TC_LoginTest_001" tests="2" failures="0" timestamp="12 Feb 2020 11:21:31 GMT" time="11.513" errors="0">
  <testcase name="loginTest" time="7.552" classname="com.inetbanking.testCases.TC_LoginTest_001"/>
  <testcase name="loginTest" time="3.961" classname="com.inetbanking.testCases.TC_LoginTest_001"/>
</testsuite> <!-- com.inetbanking.testCases.TC_LoginTest_001 -->
